This file contains any messages produced by compilers while
running configure, to aid debugging if configure makes a mistake.

It was created by libUseful configure 5.66, which was
generated by GNU Autoconf 2.69.  Invocation command line was

  $ ./configure --disable-option-checking --prefix=/usr/local --enable-harden --without-libuseful --cache-file=/dev/null --srcdir=.

## --------- ##
## Platform. ##
## --------- ##

hostname = hplap
uname -m = x86_64
uname -r = 5.19.6-64
uname -s = Linux
uname -v = #1 SMP PREEMPT_DYNAMIC Sat Sep 3 14:17:57 BST 2022

/usr/bin/uname -p = unknown
/bin/uname -X     = unknown

/bin/arch              = unknown
/usr/bin/arch -k       = unknown
/usr/convex/getsysinfo = unknown
/usr/bin/hostinfo      = unknown
/bin/machine           = unknown
/usr/bin/oslevel       = unknown
/bin/universe          = unknown

PATH: /usr/prebin
PATH: /home/colum/bin
PATH: /usr/local/bin
PATH: /usr/bin
PATH: /usr/X11R7/bin
PATH: /bin
PATH: /usr/games/bin
PATH: .
PATH: /opt/bluez-5.72/bin
PATH: /opt/boinc_client-7.14.2/bin
PATH: /opt/chess/bin
PATH: /opt/Csound-6.05/bin
PATH: /opt/Drawing/bin
PATH: /opt/FLTK/bin
PATH: /opt/games/bin
PATH: /opt/ghostscript-9.22/bin
PATH: /opt/git-2.16.2/bin
PATH: /opt/GTK/bin
PATH: /opt/LibreCAD/bin
PATH: /opt/lua-5.3.4/bin
PATH: /opt/mujs-1.0.3/bin
PATH: /opt/netpbm-10.66.02/bin
PATH: /opt/opengl/bin
PATH: /opt/openjdk-15.0.2/bin
PATH: /opt/perl-5.24.1/bin
PATH: /opt/Python-3.7.1/bin
PATH: /opt/qemu-5.2.1_SDL/bin
PATH: /opt/Qt5/bin
PATH: /opt/ruby-2.5.0/bin
PATH: /opt/rust-1.57.0/bin
PATH: /opt/schily/bin
PATH: /opt/SDL2/bin
PATH: /opt/SDL/bin
PATH: /opt/tcl-8.6.8/bin
PATH: /opt/tesseract-5.3.4/bin
PATH: /opt/timekeeper/bin
PATH: /opt/wine-10.7/bin


## ----------- ##
## Core tests. ##
## ----------- ##

configure:2275: checking for gcc
configure:2291: found /usr/bin/gcc
configure:2302: result: gcc
configure:2531: checking for C compiler version
configure:2540: gcc --version >&5
gcc (GCC) 8.1.0
Copyright (C) 2018 Free Software Foundation, Inc.
This is free software; see the source for copying conditions.  There is NO
warranty; not even for MERCHANTABILITY or FITNESS FOR A PARTICULAR PURPOSE.

configure:2551: $? = 0
configure:2540: gcc -v >&5
Using built-in specs.
COLLECT_GCC=gcc
COLLECT_LTO_WRAPPER=/usr/libexec/gcc/i486-pc-linux-gnu/8.1.0/lto-wrapper
Target: i486-pc-linux-gnu
Configured with: ../gcc-8.1.0-src/configure --prefix=/usr --sysconfdir=/etc --includedir=/usr/include --localstatedir=/var --mandir=/usr/share/man --infodir=/usr/share/info --host=i486-pc-linux-gnu --build=i486-pc-linux-gnu --target=i486-pc-linux-gnu --enable-languages=c,c++,go --disable-nls --disable-multilib
Thread model: posix
gcc version 8.1.0 (GCC) 
configure:2551: $? = 0
configure:2540: gcc -V >&5
gcc: error: unrecognized command line option '-V'
gcc: fatal error: no input files
compilation terminated.
configure:2551: $? = 1
configure:2540: gcc -qversion >&5
gcc: error: unrecognized command line option '-qversion'; did you mean '--version'?
gcc: fatal error: no input files
compilation terminated.
configure:2551: $? = 1
configure:2571: checking whether the C compiler works
configure:2593: gcc    conftest.c  >&5
configure:2597: $? = 0
configure:2645: result: yes
configure:2648: checking for C compiler default output file name
configure:2650: result: a.out
configure:2656: checking for suffix of executables
configure:2663: gcc -o conftest    conftest.c  >&5
configure:2667: $? = 0
configure:2689: result: 
configure:2711: checking whether we are cross compiling
configure:2719: gcc -o conftest    conftest.c  >&5
configure:2723: $? = 0
configure:2730: ./conftest
configure:2734: $? = 0
configure:2749: result: no
configure:2754: checking for suffix of object files
configure:2776: gcc -c   conftest.c >&5
configure:2780: $? = 0
configure:2801: result: o
configure:2805: checking whether we are using the GNU C compiler
configure:2824: gcc -c   conftest.c >&5
configure:2824: $? = 0
configure:2833: result: yes
configure:2842: checking whether gcc accepts -g
configure:2862: gcc -c -g  conftest.c >&5
configure:2862: $? = 0
configure:2903: result: yes
configure:2920: checking for gcc option to accept ISO C89
configure:2983: gcc  -c -g -O2  conftest.c >&5
configure:2983: $? = 0
configure:2996: result: none needed
configure:3022: checking whether make sets $(MAKE)
configure:3044: result: yes
configure:3053: checking for grep that handles long lines and -e
configure:3111: result: /bin/grep
configure:3116: checking for egrep
configure:3178: result: /bin/grep -E
configure:3191: checking for special C compiler options needed for large files
configure:3236: result: no
configure:3242: checking for _FILE_OFFSET_BITS value needed for large files
configure:3267: gcc -c -g -O2  conftest.c >&5
conftest.c:14:33: warning: left shift count >= width of type [-Wshift-count-overflow]
 #define LARGE_OFF_T (((off_t) 1 << 62) - 1 + ((off_t) 1 << 62))
                                 ^~
conftest.c:15:23: note: in expansion of macro 'LARGE_OFF_T'
   int off_t_is_large[(LARGE_OFF_T % 2147483629 == 721
                       ^~~~~~~~~~~
conftest.c:14:57: warning: left shift count >= width of type [-Wshift-count-overflow]
 #define LARGE_OFF_T (((off_t) 1 << 62) - 1 + ((off_t) 1 << 62))
                                                         ^~
conftest.c:15:23: note: in expansion of macro 'LARGE_OFF_T'
   int off_t_is_large[(LARGE_OFF_T % 2147483629 == 721
                       ^~~~~~~~~~~
conftest.c:14:33: warning: left shift count >= width of type [-Wshift-count-overflow]
 #define LARGE_OFF_T (((off_t) 1 << 62) - 1 + ((off_t) 1 << 62))
                                 ^~
conftest.c:16:13: note: in expansion of macro 'LARGE_OFF_T'
          && LARGE_OFF_T % 2147483647 == 1)
             ^~~~~~~~~~~
conftest.c:14:57: warning: left shift count >= width of type [-Wshift-count-overflow]
 #define LARGE_OFF_T (((off_t) 1 << 62) - 1 + ((off_t) 1 << 62))
                                                         ^~
conftest.c:16:13: note: in expansion of macro 'LARGE_OFF_T'
          && LARGE_OFF_T % 2147483647 == 1)
             ^~~~~~~~~~~
conftest.c:15:7: error: variably modified 'off_t_is_large' at file scope
   int off_t_is_large[(LARGE_OFF_T % 2147483629 == 721
       ^~~~~~~~~~~~~~
configure:3267: $? = 1
configure: failed program was:
| /* confdefs.h */
| #define PACKAGE_NAME "libUseful"
| #define PACKAGE_TARNAME "libuseful"
| #define PACKAGE_VERSION "5.66"
| #define PACKAGE_STRING "libUseful 5.66"
| #define PACKAGE_BUGREPORT "colums.projects@gmail.com"
| #define PACKAGE_URL ""
| /* end confdefs.h.  */
| #include <sys/types.h>
|  /* Check that off_t can represent 2**63 - 1 correctly.
|     We can't simply define LARGE_OFF_T to be 9223372036854775807,
|     since some C++ compilers masquerading as C compilers
|     incorrectly reject 9223372036854775807.  */
| #define LARGE_OFF_T (((off_t) 1 << 62) - 1 + ((off_t) 1 << 62))
|   int off_t_is_large[(LARGE_OFF_T % 2147483629 == 721
| 		       && LARGE_OFF_T % 2147483647 == 1)
| 		      ? 1 : -1];
| int
| main ()
| {
| 
|   ;
|   return 0;
| }
configure:3291: gcc -c -g -O2  conftest.c >&5
configure:3291: $? = 0
configure:3299: result: 64
configure:3384: checking for working volatile
configure:3403: gcc -c -g -O2  conftest.c >&5
configure:3403: $? = 0
configure:3410: result: yes
configure:3418: checking for inline
configure:3434: gcc -c -g -O2  conftest.c >&5
configure:3434: $? = 0
configure:3442: result: inline
configure:3587: checking "checking if compiler supports -ftrivial-auto-var-init=zero"
configure:3602: gcc -c -g -O2 -ftrivial-auto-var-init=zero  conftest.c >&5
gcc: error: unrecognized command line option '-ftrivial-auto-var-init=zero'
configure:3602: $? = 1
configure: failed program was:
| /* confdefs.h */
| #define PACKAGE_NAME "libUseful"
| #define PACKAGE_TARNAME "libuseful"
| #define PACKAGE_VERSION "5.66"
| #define PACKAGE_STRING "libUseful 5.66"
| #define PACKAGE_BUGREPORT "colums.projects@gmail.com"
| #define PACKAGE_URL ""
| #define _FILE_OFFSET_BITS 64
| /* end confdefs.h.  */
| test(){return 1;}
| int
| main ()
| {
| 
|   ;
|   return 0;
| }
configure:3608: result: no
configure:3616: checking "checking if compiler supports -fstack-clash-protection"
configure:3631: gcc -c -g -O2 -fstack-clash-protection  conftest.c >&5
conftest.c:10:1: warning: return type defaults to 'int' [-Wimplicit-int]
 test(){return 1;}
 ^~~~
configure:3631: $? = 0
configure:3637: result: yes
configure:3645: checking "checking if compiler supports -fno-strict-overflow"
configure:3660: gcc -c -g -O2 -fstack-clash-protection -fno-strict-overflow  conftest.c >&5
conftest.c:10:1: warning: return type defaults to 'int' [-Wimplicit-int]
 test(){return 1;}
 ^~~~
configure:3660: $? = 0
configure:3666: result: yes
configure:3674: checking "checking if compiler supports -fno-strict-aliasing"
configure:3689: gcc -c -g -O2 -fstack-clash-protection -fno-strict-overflow -fno-strict-aliasing  conftest.c >&5
conftest.c:10:1: warning: return type defaults to 'int' [-Wimplicit-int]
 test(){return 1;}
 ^~~~
configure:3689: $? = 0
configure:3695: result: yes
configure:3703: checking "checking if compiler supports -fno-delete-null-pointer-checks"
configure:3718: gcc -c -g -O2 -fstack-clash-protection -fno-strict-overflow -fno-strict-aliasing -fno-delete-null-pointer-checks  conftest.c >&5
conftest.c:10:1: warning: return type defaults to 'int' [-Wimplicit-int]
 test(){return 1;}
 ^~~~
configure:3718: $? = 0
configure:3724: result: yes
configure:3732: checking "checking if compiler supports -fcf-protection=full"
configure:3747: gcc -c -g -O2 -fstack-clash-protection -fno-strict-overflow -fno-strict-aliasing -fno-delete-null-pointer-checks -fcf-protection=full  conftest.c >&5
conftest.c:10:1: warning: return type defaults to 'int' [-Wimplicit-int]
 test(){return 1;}
 ^~~~
configure:3747: $? = 0
configure:3753: result: yes
configure:3761: checking "checking if compiler supports -mmitigate-rop"
configure:3776: gcc -c -g -O2 -fstack-clash-protection -fno-strict-overflow -fno-strict-aliasing -fno-delete-null-pointer-checks -fcf-protection=full -mmitigate-rop  conftest.c >&5
conftest.c:10:1: warning: return type defaults to 'int' [-Wimplicit-int]
 test(){return 1;}
 ^~~~
configure:3776: $? = 0
configure:3782: result: yes
configure:3802: checking "checking if compiler supports -fstack-protector-strong"
configure:3817: gcc -c -g -O2 -fstack-clash-protection -fno-strict-overflow -fno-strict-aliasing -fno-delete-null-pointer-checks -fcf-protection=full -mmitigate-rop -O2 -U_FORTIFY_SOURCE -D_FORTIFY_SOURCE=3 -fstack-protector-strong  conftest.c >&5
conftest.c:10:1: warning: return type defaults to 'int' [-Wimplicit-int]
 test(){return 1;}
 ^~~~
configure:3817: $? = 0
configure:3823: result: yes
configure:3839: checking for ptsname_r
configure:3839: gcc -o conftest -g -O2 -fstack-clash-protection -fno-strict-overflow -fno-strict-aliasing -fno-delete-null-pointer-checks -fcf-protection=full -mmitigate-rop -O2 -U_FORTIFY_SOURCE -D_FORTIFY_SOURCE=3 -fstack-protector-strong   conftest.c  >&5
configure:3839: $? = 0
configure:3839: result: yes
configure:3839: checking for clearenv
configure:3839: gcc -o conftest -g -O2 -fstack-clash-protection -fno-strict-overflow -fno-strict-aliasing -fno-delete-null-pointer-checks -fcf-protection=full -mmitigate-rop -O2 -U_FORTIFY_SOURCE -D_FORTIFY_SOURCE=3 -fstack-protector-strong   conftest.c  >&5
configure:3839: $? = 0
configure:3839: result: yes
configure:3839: checking for setresuid
configure:3839: gcc -o conftest -g -O2 -fstack-clash-protection -fno-strict-overflow -fno-strict-aliasing -fno-delete-null-pointer-checks -fcf-protection=full -mmitigate-rop -O2 -U_FORTIFY_SOURCE -D_FORTIFY_SOURCE=3 -fstack-protector-strong   conftest.c  >&5
configure:3839: $? = 0
configure:3839: result: yes
configure:3839: checking for initgroups
configure:3839: gcc -o conftest -g -O2 -fstack-clash-protection -fno-strict-overflow -fno-strict-aliasing -fno-delete-null-pointer-checks -fcf-protection=full -mmitigate-rop -O2 -U_FORTIFY_SOURCE -D_FORTIFY_SOURCE=3 -fstack-protector-strong   conftest.c  >&5
configure:3839: $? = 0
configure:3839: result: yes
configure:3839: checking for poll
configure:3839: gcc -o conftest -g -O2 -fstack-clash-protection -fno-strict-overflow -fno-strict-aliasing -fno-delete-null-pointer-checks -fcf-protection=full -mmitigate-rop -O2 -U_FORTIFY_SOURCE -D_FORTIFY_SOURCE=3 -fstack-protector-strong   conftest.c  >&5
configure:3839: $? = 0
configure:3839: result: yes
configure:3839: checking for mlock
configure:3839: gcc -o conftest -g -O2 -fstack-clash-protection -fno-strict-overflow -fno-strict-aliasing -fno-delete-null-pointer-checks -fcf-protection=full -mmitigate-rop -O2 -U_FORTIFY_SOURCE -D_FORTIFY_SOURCE=3 -fstack-protector-strong   conftest.c  >&5
configure:3839: $? = 0
configure:3839: result: yes
configure:3839: checking for mlockall
configure:3839: gcc -o conftest -g -O2 -fstack-clash-protection -fno-strict-overflow -fno-strict-aliasing -fno-delete-null-pointer-checks -fcf-protection=full -mmitigate-rop -O2 -U_FORTIFY_SOURCE -D_FORTIFY_SOURCE=3 -fstack-protector-strong   conftest.c  >&5
configure:3839: $? = 0
configure:3839: result: yes
configure:3839: checking for munlockall
configure:3839: gcc -o conftest -g -O2 -fstack-clash-protection -fno-strict-overflow -fno-strict-aliasing -fno-delete-null-pointer-checks -fcf-protection=full -mmitigate-rop -O2 -U_FORTIFY_SOURCE -D_FORTIFY_SOURCE=3 -fstack-protector-strong   conftest.c  >&5
configure:3839: $? = 0
configure:3839: result: yes
configure:3839: checking for madvise
configure:3839: gcc -o conftest -g -O2 -fstack-clash-protection -fno-strict-overflow -fno-strict-aliasing -fno-delete-null-pointer-checks -fcf-protection=full -mmitigate-rop -O2 -U_FORTIFY_SOURCE -D_FORTIFY_SOURCE=3 -fstack-protector-strong   conftest.c  >&5
configure:3839: $? = 0
configure:3839: result: yes
configure:3839: checking for htonll
configure:3839: gcc -o conftest -g -O2 -fstack-clash-protection -fno-strict-overflow -fno-strict-aliasing -fno-delete-null-pointer-checks -fcf-protection=full -mmitigate-rop -O2 -U_FORTIFY_SOURCE -D_FORTIFY_SOURCE=3 -fstack-protector-strong   conftest.c  >&5
/tmp/ccEGwAON.o: In function `main':
/home/colum/work/alsavol/libuseful-bundled/conftest.c:53: undefined reference to `htonll'
collect2: error: ld returned 1 exit status
configure:3839: $? = 1
configure: failed program was:
| /* confdefs.h */
| #define PACKAGE_NAME "libUseful"
| #define PACKAGE_TARNAME "libuseful"
| #define PACKAGE_VERSION "5.66"
| #define PACKAGE_STRING "libUseful 5.66"
| #define PACKAGE_BUGREPORT "colums.projects@gmail.com"
| #define PACKAGE_URL ""
| #define _FILE_OFFSET_BITS 64
| #define HAVE_PTSNAME_R 1
| #define HAVE_CLEARENV 1
| #define HAVE_SETRESUID 1
| #define HAVE_INITGROUPS 1
| #define HAVE_POLL 1
| #define HAVE_MLOCK 1
| #define HAVE_MLOCKALL 1
| #define HAVE_MUNLOCKALL 1
| #define HAVE_MADVISE 1
| /* end confdefs.h.  */
| /* Define htonll to an innocuous variant, in case <limits.h> declares htonll.
|    For example, HP-UX 11i <limits.h> declares gettimeofday.  */
| #define htonll innocuous_htonll
| 
| /* System header to define __stub macros and hopefully few prototypes,
|     which can conflict with char htonll (); below.
|     Prefer <limits.h> to <assert.h> if __STDC__ is defined, since
|     <limits.h> exists even on freestanding compilers.  */
| 
| #ifdef __STDC__
| # include <limits.h>
| #else
| # include <assert.h>
| #endif
| 
| #undef htonll
| 
| /* Override any GCC internal prototype to avoid an error.
|    Use char because int might match the return type of a GCC
|    builtin and then its argument prototype would still apply.  */
| #ifdef __cplusplus
| extern "C"
| #endif
| char htonll ();
| /* The GNU C library defines this for functions which it implements
|     to always fail with ENOSYS.  Some functions are actually named
|     something starting with __ and the normal name is an alias.  */
| #if defined __stub_htonll || defined __stub___htonll
| choke me
| #endif
| 
| int
| main ()
| {
| return htonll ();
|   ;
|   return 0;
| }
configure:3839: result: no
configure:3839: checking for ntohll
configure:3839: gcc -o conftest -g -O2 -fstack-clash-protection -fno-strict-overflow -fno-strict-aliasing -fno-delete-null-pointer-checks -fcf-protection=full -mmitigate-rop -O2 -U_FORTIFY_SOURCE -D_FORTIFY_SOURCE=3 -fstack-protector-strong   conftest.c  >&5
/tmp/cc22KeEY.o: In function `main':
/home/colum/work/alsavol/libuseful-bundled/conftest.c:53: undefined reference to `ntohll'
collect2: error: ld returned 1 exit status
configure:3839: $? = 1
configure: failed program was:
| /* confdefs.h */
| #define PACKAGE_NAME "libUseful"
| #define PACKAGE_TARNAME "libuseful"
| #define PACKAGE_VERSION "5.66"
| #define PACKAGE_STRING "libUseful 5.66"
| #define PACKAGE_BUGREPORT "colums.projects@gmail.com"
| #define PACKAGE_URL ""
| #define _FILE_OFFSET_BITS 64
| #define HAVE_PTSNAME_R 1
| #define HAVE_CLEARENV 1
| #define HAVE_SETRESUID 1
| #define HAVE_INITGROUPS 1
| #define HAVE_POLL 1
| #define HAVE_MLOCK 1
| #define HAVE_MLOCKALL 1
| #define HAVE_MUNLOCKALL 1
| #define HAVE_MADVISE 1
| /* end confdefs.h.  */
| /* Define ntohll to an innocuous variant, in case <limits.h> declares ntohll.
|    For example, HP-UX 11i <limits.h> declares gettimeofday.  */
| #define ntohll innocuous_ntohll
| 
| /* System header to define __stub macros and hopefully few prototypes,
|     which can conflict with char ntohll (); below.
|     Prefer <limits.h> to <assert.h> if __STDC__ is defined, since
|     <limits.h> exists even on freestanding compilers.  */
| 
| #ifdef __STDC__
| # include <limits.h>
| #else
| # include <assert.h>
| #endif
| 
| #undef ntohll
| 
| /* Override any GCC internal prototype to avoid an error.
|    Use char because int might match the return type of a GCC
|    builtin and then its argument prototype would still apply.  */
| #ifdef __cplusplus
| extern "C"
| #endif
| char ntohll ();
| /* The GNU C library defines this for functions which it implements
|     to always fail with ENOSYS.  Some functions are actually named
|     something starting with __ and the normal name is an alias.  */
| #if defined __stub_ntohll || defined __stub___ntohll
| choke me
| #endif
| 
| int
| main ()
| {
| return ntohll ();
|   ;
|   return 0;
| }
configure:3839: result: no
configure:3839: checking for mkostemp
configure:3839: gcc -o conftest -g -O2 -fstack-clash-protection -fno-strict-overflow -fno-strict-aliasing -fno-delete-null-pointer-checks -fcf-protection=full -mmitigate-rop -O2 -U_FORTIFY_SOURCE -D_FORTIFY_SOURCE=3 -fstack-protector-strong   conftest.c  >&5
configure:3839: $? = 0
configure:3839: result: yes
configure:3839: checking for mount
configure:3839: gcc -o conftest -g -O2 -fstack-clash-protection -fno-strict-overflow -fno-strict-aliasing -fno-delete-null-pointer-checks -fcf-protection=full -mmitigate-rop -O2 -U_FORTIFY_SOURCE -D_FORTIFY_SOURCE=3 -fstack-protector-strong   conftest.c  >&5
configure:3839: $? = 0
configure:3839: result: yes
configure:3839: checking for umount
configure:3839: gcc -o conftest -g -O2 -fstack-clash-protection -fno-strict-overflow -fno-strict-aliasing -fno-delete-null-pointer-checks -fcf-protection=full -mmitigate-rop -O2 -U_FORTIFY_SOURCE -D_FORTIFY_SOURCE=3 -fstack-protector-strong   conftest.c  >&5
configure:3839: $? = 0
configure:3839: result: yes
configure:3839: checking for umount2
configure:3839: gcc -o conftest -g -O2 -fstack-clash-protection -fno-strict-overflow -fno-strict-aliasing -fno-delete-null-pointer-checks -fcf-protection=full -mmitigate-rop -O2 -U_FORTIFY_SOURCE -D_FORTIFY_SOURCE=3 -fstack-protector-strong   conftest.c  >&5
configure:3839: $? = 0
configure:3839: result: yes
configure:3839: checking for getentropy
configure:3839: gcc -o conftest -g -O2 -fstack-clash-protection -fno-strict-overflow -fno-strict-aliasing -fno-delete-null-pointer-checks -fcf-protection=full -mmitigate-rop -O2 -U_FORTIFY_SOURCE -D_FORTIFY_SOURCE=3 -fstack-protector-strong   conftest.c  >&5
configure:3839: $? = 0
configure:3839: result: yes
configure:3839: checking for prctl
configure:3839: gcc -o conftest -g -O2 -fstack-clash-protection -fno-strict-overflow -fno-strict-aliasing -fno-delete-null-pointer-checks -fcf-protection=full -mmitigate-rop -O2 -U_FORTIFY_SOURCE -D_FORTIFY_SOURCE=3 -fstack-protector-strong   conftest.c  >&5
configure:3839: $? = 0
configure:3839: result: yes
configure:3849: checking for get_current_dir_name in -lc
configure:3874: gcc -o conftest -g -O2 -fstack-clash-protection -fno-strict-overflow -fno-strict-aliasing -fno-delete-null-pointer-checks -fcf-protection=full -mmitigate-rop -O2 -U_FORTIFY_SOURCE -D_FORTIFY_SOURCE=3 -fstack-protector-strong   conftest.c -lc   >&5
configure:3874: $? = 0
configure:3883: result: yes
configure:3893: checking for getloadavg
configure:3893: gcc -o conftest -g -O2 -fstack-clash-protection -fno-strict-overflow -fno-strict-aliasing -fno-delete-null-pointer-checks -fcf-protection=full -mmitigate-rop -O2 -U_FORTIFY_SOURCE -D_FORTIFY_SOURCE=3 -fstack-protector-strong   conftest.c  >&5
configure:3893: $? = 0
configure:3893: result: yes
configure:3893: checking for sysinfo
configure:3893: gcc -o conftest -g -O2 -fstack-clash-protection -fno-strict-overflow -fno-strict-aliasing -fno-delete-null-pointer-checks -fcf-protection=full -mmitigate-rop -O2 -U_FORTIFY_SOURCE -D_FORTIFY_SOURCE=3 -fstack-protector-strong   conftest.c  >&5
configure:3893: $? = 0
configure:3893: result: yes
configure:3893: checking for sysconf
configure:3893: gcc -o conftest -g -O2 -fstack-clash-protection -fno-strict-overflow -fno-strict-aliasing -fno-delete-null-pointer-checks -fcf-protection=full -mmitigate-rop -O2 -U_FORTIFY_SOURCE -D_FORTIFY_SOURCE=3 -fstack-protector-strong   conftest.c  >&5
configure:3893: $? = 0
configure:3893: result: yes
configure:3893: checking for getpagesize
configure:3893: gcc -o conftest -g -O2 -fstack-clash-protection -fno-strict-overflow -fno-strict-aliasing -fno-delete-null-pointer-checks -fcf-protection=full -mmitigate-rop -O2 -U_FORTIFY_SOURCE -D_FORTIFY_SOURCE=3 -fstack-protector-strong   conftest.c  >&5
configure:3893: $? = 0
configure:3893: result: yes
configure:3893: checking for ptsname_r
configure:3893: result: yes
configure:3893: checking for clearenv
configure:3893: result: yes
configure:3893: checking for setresuid
configure:3893: result: yes
configure:3893: checking for initgroups
configure:3893: result: yes
configure:3893: checking for poll
configure:3893: result: yes
configure:3893: checking for mlock
configure:3893: result: yes
configure:3893: checking for mlockall
configure:3893: result: yes
configure:3893: checking for munlockall
configure:3893: result: yes
configure:3893: checking for madvise
configure:3893: result: yes
configure:3893: checking for htonll
configure:3893: result: no
configure:3893: checking for ntohll
configure:3893: result: no
configure:3893: checking for mkostemp
configure:3893: result: yes
configure:3893: checking for mount
configure:3893: result: yes
configure:3893: checking for umount
configure:3893: result: yes
configure:3893: checking for umount2
configure:3893: result: yes
configure:3893: checking for getentropy
configure:3893: result: yes
configure:3893: checking for prctl
configure:3893: result: yes
configure:3933: checking how to run the C preprocessor
configure:3964: gcc -E  conftest.c
configure:3964: $? = 0
configure:3978: gcc -E  conftest.c
conftest.c:46:10: fatal error: ac_nonexistent.h: No such file or directory
 #include <ac_nonexistent.h>
          ^~~~~~~~~~~~~~~~~~
compilation terminated.
configure:3978: $? = 1
configure: failed program was:
| /* confdefs.h */
| #define PACKAGE_NAME "libUseful"
| #define PACKAGE_TARNAME "libuseful"
| #define PACKAGE_VERSION "5.66"
| #define PACKAGE_STRING "libUseful 5.66"
| #define PACKAGE_BUGREPORT "colums.projects@gmail.com"
| #define PACKAGE_URL ""
| #define _FILE_OFFSET_BITS 64
| #define HAVE_PTSNAME_R 1
| #define HAVE_CLEARENV 1
| #define HAVE_SETRESUID 1
| #define HAVE_INITGROUPS 1
| #define HAVE_POLL 1
| #define HAVE_MLOCK 1
| #define HAVE_MLOCKALL 1
| #define HAVE_MUNLOCKALL 1
| #define HAVE_MADVISE 1
| #define HAVE_MKOSTEMP 1
| #define HAVE_MOUNT 1
| #define HAVE_UMOUNT 1
| #define HAVE_UMOUNT2 1
| #define HAVE_GETENTROPY 1
| #define HAVE_PRCTL 1
| #define HAVE_GET_CURR_DIR 1
| #define HAVE_GETLOADAVG 1
| #define HAVE_SYSINFO 1
| #define HAVE_SYSCONF 1
| #define HAVE_GETPAGESIZE 1
| #define HAVE_PTSNAME_R 1
| #define HAVE_CLEARENV 1
| #define HAVE_SETRESUID 1
| #define HAVE_INITGROUPS 1
| #define HAVE_POLL 1
| #define HAVE_MLOCK 1
| #define HAVE_MLOCKALL 1
| #define HAVE_MUNLOCKALL 1
| #define HAVE_MADVISE 1
| #define HAVE_MKOSTEMP 1
| #define HAVE_MOUNT 1
| #define HAVE_UMOUNT 1
| #define HAVE_UMOUNT2 1
| #define HAVE_GETENTROPY 1
| #define HAVE_PRCTL 1
| #define USE_STRLEN_CACHE 1
| /* end confdefs.h.  */
| #include <ac_nonexistent.h>
configure:4003: result: gcc -E
configure:4023: gcc -E  conftest.c
configure:4023: $? = 0
configure:4037: gcc -E  conftest.c
conftest.c:46:10: fatal error: ac_nonexistent.h: No such file or directory
 #include <ac_nonexistent.h>
          ^~~~~~~~~~~~~~~~~~
compilation terminated.
configure:4037: $? = 1
configure: failed program was:
| /* confdefs.h */
| #define PACKAGE_NAME "libUseful"
| #define PACKAGE_TARNAME "libuseful"
| #define PACKAGE_VERSION "5.66"
| #define PACKAGE_STRING "libUseful 5.66"
| #define PACKAGE_BUGREPORT "colums.projects@gmail.com"
| #define PACKAGE_URL ""
| #define _FILE_OFFSET_BITS 64
| #define HAVE_PTSNAME_R 1
| #define HAVE_CLEARENV 1
| #define HAVE_SETRESUID 1
| #define HAVE_INITGROUPS 1
| #define HAVE_POLL 1
| #define HAVE_MLOCK 1
| #define HAVE_MLOCKALL 1
| #define HAVE_MUNLOCKALL 1
| #define HAVE_MADVISE 1
| #define HAVE_MKOSTEMP 1
| #define HAVE_MOUNT 1
| #define HAVE_UMOUNT 1
| #define HAVE_UMOUNT2 1
| #define HAVE_GETENTROPY 1
| #define HAVE_PRCTL 1
| #define HAVE_GET_CURR_DIR 1
| #define HAVE_GETLOADAVG 1
| #define HAVE_SYSINFO 1
| #define HAVE_SYSCONF 1
| #define HAVE_GETPAGESIZE 1
| #define HAVE_PTSNAME_R 1
| #define HAVE_CLEARENV 1
| #define HAVE_SETRESUID 1
| #define HAVE_INITGROUPS 1
| #define HAVE_POLL 1
| #define HAVE_MLOCK 1
| #define HAVE_MLOCKALL 1
| #define HAVE_MUNLOCKALL 1
| #define HAVE_MADVISE 1
| #define HAVE_MKOSTEMP 1
| #define HAVE_MOUNT 1
| #define HAVE_UMOUNT 1
| #define HAVE_UMOUNT2 1
| #define HAVE_GETENTROPY 1
| #define HAVE_PRCTL 1
| #define USE_STRLEN_CACHE 1
| /* end confdefs.h.  */
| #include <ac_nonexistent.h>
configure:4066: checking for ANSI C header files
configure:4086: gcc -c -g -O2 -fstack-clash-protection -fno-strict-overflow -fno-strict-aliasing -fno-delete-null-pointer-checks -fcf-protection=full -mmitigate-rop -O2 -U_FORTIFY_SOURCE -D_FORTIFY_SOURCE=3 -fstack-protector-strong  conftest.c >&5
configure:4086: $? = 0
configure:4159: gcc -o conftest -g -O2 -fstack-clash-protection -fno-strict-overflow -fno-strict-aliasing -fno-delete-null-pointer-checks -fcf-protection=full -mmitigate-rop -O2 -U_FORTIFY_SOURCE -D_FORTIFY_SOURCE=3 -fstack-protector-strong   conftest.c  >&5
configure:4159: $? = 0
configure:4159: ./conftest
configure:4159: $? = 0
configure:4170: result: yes
configure:4183: checking for sys/types.h
configure:4183: gcc -c -g -O2 -fstack-clash-protection -fno-strict-overflow -fno-strict-aliasing -fno-delete-null-pointer-checks -fcf-protection=full -mmitigate-rop -O2 -U_FORTIFY_SOURCE -D_FORTIFY_SOURCE=3 -fstack-protector-strong  conftest.c >&5
configure:4183: $? = 0
configure:4183: result: yes
configure:4183: checking for sys/stat.h
configure:4183: gcc -c -g -O2 -fstack-clash-protection -fno-strict-overflow -fno-strict-aliasing -fno-delete-null-pointer-checks -fcf-protection=full -mmitigate-rop -O2 -U_FORTIFY_SOURCE -D_FORTIFY_SOURCE=3 -fstack-protector-strong  conftest.c >&5
configure:4183: $? = 0
configure:4183: result: yes
configure:4183: checking for stdlib.h
configure:4183: gcc -c -g -O2 -fstack-clash-protection -fno-strict-overflow -fno-strict-aliasing -fno-delete-null-pointer-checks -fcf-protection=full -mmitigate-rop -O2 -U_FORTIFY_SOURCE -D_FORTIFY_SOURCE=3 -fstack-protector-strong  conftest.c >&5
configure:4183: $? = 0
configure:4183: result: yes
configure:4183: checking for string.h
configure:4183: gcc -c -g -O2 -fstack-clash-protection -fno-strict-overflow -fno-strict-aliasing -fno-delete-null-pointer-checks -fcf-protection=full -mmitigate-rop -O2 -U_FORTIFY_SOURCE -D_FORTIFY_SOURCE=3 -fstack-protector-strong  conftest.c >&5
configure:4183: $? = 0
configure:4183: result: yes
configure:4183: checking for memory.h
configure:4183: gcc -c -g -O2 -fstack-clash-protection -fno-strict-overflow -fno-strict-aliasing -fno-delete-null-pointer-checks -fcf-protection=full -mmitigate-rop -O2 -U_FORTIFY_SOURCE -D_FORTIFY_SOURCE=3 -fstack-protector-strong  conftest.c >&5
configure:4183: $? = 0
configure:4183: result: yes
configure:4183: checking for strings.h
configure:4183: gcc -c -g -O2 -fstack-clash-protection -fno-strict-overflow -fno-strict-aliasing -fno-delete-null-pointer-checks -fcf-protection=full -mmitigate-rop -O2 -U_FORTIFY_SOURCE -D_FORTIFY_SOURCE=3 -fstack-protector-strong  conftest.c >&5
configure:4183: $? = 0
configure:4183: result: yes
configure:4183: checking for inttypes.h
configure:4183: gcc -c -g -O2 -fstack-clash-protection -fno-strict-overflow -fno-strict-aliasing -fno-delete-null-pointer-checks -fcf-protection=full -mmitigate-rop -O2 -U_FORTIFY_SOURCE -D_FORTIFY_SOURCE=3 -fstack-protector-strong  conftest.c >&5
configure:4183: $? = 0
configure:4183: result: yes
configure:4183: checking for stdint.h
configure:4183: gcc -c -g -O2 -fstack-clash-protection -fno-strict-overflow -fno-strict-aliasing -fno-delete-null-pointer-checks -fcf-protection=full -mmitigate-rop -O2 -U_FORTIFY_SOURCE -D_FORTIFY_SOURCE=3 -fstack-protector-strong  conftest.c >&5
configure:4183: $? = 0
configure:4183: result: yes
configure:4183: checking for unistd.h
configure:4183: gcc -c -g -O2 -fstack-clash-protection -fno-strict-overflow -fno-strict-aliasing -fno-delete-null-pointer-checks -fcf-protection=full -mmitigate-rop -O2 -U_FORTIFY_SOURCE -D_FORTIFY_SOURCE=3 -fstack-protector-strong  conftest.c >&5
configure:4183: $? = 0
configure:4183: result: yes
configure:4197: checking sys/sendfile.h usability
configure:4197: gcc -c -g -O2 -fstack-clash-protection -fno-strict-overflow -fno-strict-aliasing -fno-delete-null-pointer-checks -fcf-protection=full -mmitigate-rop -O2 -U_FORTIFY_SOURCE -D_FORTIFY_SOURCE=3 -fstack-protector-strong  conftest.c >&5
configure:4197: $? = 0
configure:4197: result: yes
configure:4197: checking sys/sendfile.h presence
configure:4197: gcc -E  conftest.c
configure:4197: $? = 0
configure:4197: result: yes
configure:4197: checking for sys/sendfile.h
configure:4197: result: yes
configure:4207: checking for sendfile
configure:4207: gcc -o conftest -g -O2 -fstack-clash-protection -fno-strict-overflow -fno-strict-aliasing -fno-delete-null-pointer-checks -fcf-protection=full -mmitigate-rop -O2 -U_FORTIFY_SOURCE -D_FORTIFY_SOURCE=3 -fstack-protector-strong   conftest.c  >&5
configure:4207: $? = 0
configure:4207: result: yes
configure:4222: checking sys/random.h usability
configure:4222: gcc -c -g -O2 -fstack-clash-protection -fno-strict-overflow -fno-strict-aliasing -fno-delete-null-pointer-checks -fcf-protection=full -mmitigate-rop -O2 -U_FORTIFY_SOURCE -D_FORTIFY_SOURCE=3 -fstack-protector-strong  conftest.c >&5
configure:4222: $? = 0
configure:4222: result: yes
configure:4222: checking sys/random.h presence
configure:4222: gcc -E  conftest.c
configure:4222: $? = 0
configure:4222: result: yes
configure:4222: checking for sys/random.h
configure:4222: result: yes
configure:4237: checking linux/netfilter_ipv4.h usability
configure:4237: gcc -c -g -O2 -fstack-clash-protection -fno-strict-overflow -fno-strict-aliasing -fno-delete-null-pointer-checks -fcf-protection=full -mmitigate-rop -O2 -U_FORTIFY_SOURCE -D_FORTIFY_SOURCE=3 -fstack-protector-strong  conftest.c >&5
configure:4237: $? = 0
configure:4237: result: yes
configure:4237: checking linux/netfilter_ipv4.h presence
configure:4237: gcc -E  conftest.c
configure:4237: $? = 0
configure:4237: result: yes
configure:4237: checking for linux/netfilter_ipv4.h
configure:4237: result: yes
configure:4490: checking for unshare in -lc
configure:4515: gcc -o conftest -g -O2 -fstack-clash-protection -fno-strict-overflow -fno-strict-aliasing -fno-delete-null-pointer-checks -fcf-protection=full -mmitigate-rop -O2 -U_FORTIFY_SOURCE -D_FORTIFY_SOURCE=3 -fstack-protector-strong   conftest.c -lc   >&5
configure:4515: $? = 0
configure:4524: result: yes
configure:4542: checking for setns in -lc
configure:4567: gcc -o conftest -g -O2 -fstack-clash-protection -fno-strict-overflow -fno-strict-aliasing -fno-delete-null-pointer-checks -fcf-protection=full -mmitigate-rop -O2 -U_FORTIFY_SOURCE -D_FORTIFY_SOURCE=3 -fstack-protector-strong   conftest.c -lc  -lc  >&5
configure:4567: $? = 0
configure:4576: result: yes
configure:5311: creating ./config.status

## ---------------------- ##
## Running config.status. ##
## ---------------------- ##

This file was extended by libUseful config.status 5.66, which was
generated by GNU Autoconf 2.69.  Invocation command line was

  CONFIG_FILES    = 
  CONFIG_HEADERS  = 
  CONFIG_LINKS    = 
  CONFIG_COMMANDS = 
  $ ./config.status 

on hplap

config.status:736: creating Makefile

## ---------------- ##
## Cache variables. ##
## ---------------- ##

ac_cv_c_compiler_gnu=yes
ac_cv_c_inline=inline
ac_cv_c_volatile=yes
ac_cv_env_CC_set=
ac_cv_env_CC_value=
ac_cv_env_CFLAGS_set=
ac_cv_env_CFLAGS_value=
ac_cv_env_CPPFLAGS_set=
ac_cv_env_CPPFLAGS_value=
ac_cv_env_CPP_set=
ac_cv_env_CPP_value=
ac_cv_env_LDFLAGS_set=
ac_cv_env_LDFLAGS_value=
ac_cv_env_LIBS_set=
ac_cv_env_LIBS_value=
ac_cv_env_build_alias_set=
ac_cv_env_build_alias_value=
ac_cv_env_host_alias_set=
ac_cv_env_host_alias_value=
ac_cv_env_target_alias_set=
ac_cv_env_target_alias_value=
ac_cv_func_clearenv=yes
ac_cv_func_getentropy=yes
ac_cv_func_getloadavg=yes
ac_cv_func_getpagesize=yes
ac_cv_func_htonll=no
ac_cv_func_initgroups=yes
ac_cv_func_madvise=yes
ac_cv_func_mkostemp=yes
ac_cv_func_mlock=yes
ac_cv_func_mlockall=yes
ac_cv_func_mount=yes
ac_cv_func_munlockall=yes
ac_cv_func_ntohll=no
ac_cv_func_poll=yes
ac_cv_func_prctl=yes
ac_cv_func_ptsname_r=yes
ac_cv_func_sendfile=yes
ac_cv_func_setresuid=yes
ac_cv_func_sysconf=yes
ac_cv_func_sysinfo=yes
ac_cv_func_umount2=yes
ac_cv_func_umount=yes
ac_cv_header_inttypes_h=yes
ac_cv_header_linux_netfilter_ipv4_h=yes
ac_cv_header_memory_h=yes
ac_cv_header_stdc=yes
ac_cv_header_stdint_h=yes
ac_cv_header_stdlib_h=yes
ac_cv_header_string_h=yes
ac_cv_header_strings_h=yes
ac_cv_header_sys_random_h=yes
ac_cv_header_sys_sendfile_h=yes
ac_cv_header_sys_stat_h=yes
ac_cv_header_sys_types_h=yes
ac_cv_header_unistd_h=yes
ac_cv_lib_c_get_current_dir_name=yes
ac_cv_lib_c_setns=yes
ac_cv_lib_c_unshare=yes
ac_cv_objext=o
ac_cv_path_EGREP='/bin/grep -E'
ac_cv_path_GREP=/bin/grep
ac_cv_prog_CPP='gcc -E'
ac_cv_prog_ac_ct_CC=gcc
ac_cv_prog_cc_c89=
ac_cv_prog_cc_g=yes
ac_cv_prog_make_make_set=yes
ac_cv_sys_file_offset_bits=64
ac_cv_sys_largefile_CC=no

## ----------------- ##
## Output variables. ##
## ----------------- ##

AR='ar'
CC='gcc'
CFLAGS='-g -O2 -fstack-clash-protection -fno-strict-overflow -fno-strict-aliasing -fno-delete-null-pointer-checks -fcf-protection=full -mmitigate-rop -O2 -U_FORTIFY_SOURCE -D_FORTIFY_SOURCE=3 -fstack-protector-strong'
CPP='gcc -E'
CPPFLAGS=''
DEFS='-DPACKAGE_NAME=\"libUseful\" -DPACKAGE_TARNAME=\"libuseful\" -DPACKAGE_VERSION=\"5.66\" -DPACKAGE_STRING=\"libUseful\ 5.66\" -DPACKAGE_BUGREPORT=\"colums.projects@gmail.com\" -DPACKAGE_URL=\"\" -D_FILE_OFFSET_BITS=64 -DHAVE_PTSNAME_R=1 -DHAVE_CLEARENV=1 -DHAVE_SETRESUID=1 -DHAVE_INITGROUPS=1 -DHAVE_POLL=1 -DHAVE_MLOCK=1 -DHAVE_MLOCKALL=1 -DHAVE_MUNLOCKALL=1 -DHAVE_MADVISE=1 -DHAVE_MKOSTEMP=1 -DHAVE_MOUNT=1 -DHAVE_UMOUNT=1 -DHAVE_UMOUNT2=1 -DHAVE_GETENTROPY=1 -DHAVE_PRCTL=1 -DHAVE_GET_CURR_DIR=1 -DHAVE_GETLOADAVG=1 -DHAVE_SYSINFO=1 -DHAVE_SYSCONF=1 -DHAVE_GETPAGESIZE=1 -DHAVE_PTSNAME_R=1 -DHAVE_CLEARENV=1 -DHAVE_SETRESUID=1 -DHAVE_INITGROUPS=1 -DHAVE_POLL=1 -DHAVE_MLOCK=1 -DHAVE_MLOCKALL=1 -DHAVE_MUNLOCKALL=1 -DHAVE_MADVISE=1 -DHAVE_MKOSTEMP=1 -DHAVE_MOUNT=1 -DHAVE_UMOUNT=1 -DHAVE_UMOUNT2=1 -DHAVE_GETENTROPY=1 -DHAVE_PRCTL=1 -DUSE_STRLEN_CACHE=1 -DSTDC_HEADERS=1 -DHAVE_SYS_TYPES_H=1 -DHAVE_SYS_STAT_H=1 -DHAVE_STDLIB_H=1 -DHAVE_STRING_H=1 -DHAVE_MEMORY_H=1 -DHAVE_STRINGS_H=1 -DHAVE_INTTYPES_H=1 -DHAVE_STDINT_H=1 -DHAVE_UNISTD_H=1 -DHAVE_SENDFILE=1 -DHAVE_SYS_RANDOM=1 -DUSE_INET6=1 -DUSE_CRC32=1 -DUSE_MD5=1 -DUSE_SHA1=1 -DUSE_SHA2=1 -DUSE_WHIRL=1 -DUSE_JH=1 -DHAVE_LIBC=1 -DHAVE_UNSHARE=1 -DHAVE_LIBC=1 -DHAVE_SETNS=1'
ECHO_C=''
ECHO_N='-n'
ECHO_T=''
EGREP='/bin/grep -E'
EXEEXT=''
GREP='/bin/grep'
LDFLAGS=''
LIBOBJS=''
LIBS='-lc -lc '
LICENSE='GPLv3'
LN='ln'
LTLIBOBJS=''
OBJEXT='o'
PACKAGE_BUGREPORT='colums.projects@gmail.com'
PACKAGE_NAME='libUseful'
PACKAGE_STRING='libUseful 5.66'
PACKAGE_TARNAME='libuseful'
PACKAGE_URL=''
PACKAGE_VERSION='5.66'
PATH_SEPARATOR=':'
SET_MAKE=''
SHELL='/bin/sh'
SIMD_CFLAGS=''
SONAME_FLAGS='-Wl,${LINKER_SONAME_OPTION},${SONAME}'
ac_ct_CC='gcc'
bindir='${exec_prefix}/bin'
build_alias=''
datadir='${datarootdir}'
datarootdir='${prefix}/share'
docdir='${datarootdir}/doc/${PACKAGE_TARNAME}'
dvidir='${docdir}'
exec_prefix='${prefix}'
host_alias=''
htmldir='${docdir}'
includedir='${prefix}/include'
infodir='${datarootdir}/info'
libdir='${exec_prefix}/lib'
libexecdir='${exec_prefix}/libexec'
localedir='${datarootdir}/locale'
localstatedir='${prefix}/var'
mandir='${datarootdir}/man'
oldincludedir='/usr/include'
pdfdir='${docdir}'
prefix='/usr/local'
program_transform_name='s,x,x,'
psdir='${docdir}'
sbindir='${exec_prefix}/sbin'
sharedstatedir='${prefix}/com'
sysconfdir='${prefix}/etc'
target_alias=''

## ----------- ##
## confdefs.h. ##
## ----------- ##

/* confdefs.h */
#define PACKAGE_NAME "libUseful"
#define PACKAGE_TARNAME "libuseful"
#define PACKAGE_VERSION "5.66"
#define PACKAGE_STRING "libUseful 5.66"
#define PACKAGE_BUGREPORT "colums.projects@gmail.com"
#define PACKAGE_URL ""
#define _FILE_OFFSET_BITS 64
#define HAVE_PTSNAME_R 1
#define HAVE_CLEARENV 1
#define HAVE_SETRESUID 1
#define HAVE_INITGROUPS 1
#define HAVE_POLL 1
#define HAVE_MLOCK 1
#define HAVE_MLOCKALL 1
#define HAVE_MUNLOCKALL 1
#define HAVE_MADVISE 1
#define HAVE_MKOSTEMP 1
#define HAVE_MOUNT 1
#define HAVE_UMOUNT 1
#define HAVE_UMOUNT2 1
#define HAVE_GETENTROPY 1
#define HAVE_PRCTL 1
#define HAVE_GET_CURR_DIR 1
#define HAVE_GETLOADAVG 1
#define HAVE_SYSINFO 1
#define HAVE_SYSCONF 1
#define HAVE_GETPAGESIZE 1
#define HAVE_PTSNAME_R 1
#define HAVE_CLEARENV 1
#define HAVE_SETRESUID 1
#define HAVE_INITGROUPS 1
#define HAVE_POLL 1
#define HAVE_MLOCK 1
#define HAVE_MLOCKALL 1
#define HAVE_MUNLOCKALL 1
#define HAVE_MADVISE 1
#define HAVE_MKOSTEMP 1
#define HAVE_MOUNT 1
#define HAVE_UMOUNT 1
#define HAVE_UMOUNT2 1
#define HAVE_GETENTROPY 1
#define HAVE_PRCTL 1
#define USE_STRLEN_CACHE 1
#define STDC_HEADERS 1
#define HAVE_SYS_TYPES_H 1
#define HAVE_SYS_STAT_H 1
#define HAVE_STDLIB_H 1
#define HAVE_STRING_H 1
#define HAVE_MEMORY_H 1
#define HAVE_STRINGS_H 1
#define HAVE_INTTYPES_H 1
#define HAVE_STDINT_H 1
#define HAVE_UNISTD_H 1
#define HAVE_SENDFILE 1
#define HAVE_SYS_RANDOM 1
#define USE_INET6 1
#define USE_CRC32 1
#define USE_MD5 1
#define USE_SHA1 1
#define USE_SHA2 1
#define USE_WHIRL 1
#define USE_JH 1
#define HAVE_LIBC 1
#define HAVE_UNSHARE 1
#define HAVE_LIBC 1
#define HAVE_SETNS 1

configure: exit 0
